[2023-10-14 10:40:09,339: INFO: main: Welcome to out custom logging]
[2023-10-14 15:26:50,759: INFO: common: yaml file: config\config.yaml loaded successfully]
[2023-10-14 15:26:50,762: INFO: common: yaml file: params.yaml loaded successfully]
[2023-10-14 15:28:38,042: INFO: common: yaml file: config\config.yaml loaded successfully]
[2023-10-14 15:28:38,077: INFO: common: yaml file: params.yaml loaded successfully]
[2023-10-14 15:28:38,082: INFO: common: yaml file: schema.yaml loaded successfully]
[2023-10-14 15:28:38,084: INFO: common: created directory at: artifacts]
[2023-10-14 15:28:38,087: INFO: common: created directory at: artifacts/data_ingestion]
[2023-10-14 15:28:40,696: INFO: 2366278714: artifacts/data_ingestion/data.zip download! with following info: 
Connection: close
Content-Length: 23329
Cache-Control: max-age=300
Content-Security-Policy: default-src 'none'; style-src 'unsafe-inline'; sandbox
Content-Type: application/zip
ETag: "c69888a4ae59bc5a893392785a938ccd4937981c06ba8a9d6a21aa52b4ab5b6e"
Strict-Transport-Security: max-age=31536000
X-Content-Type-Options: nosniff
X-Frame-Options: deny
X-XSS-Protection: 1; mode=block
X-GitHub-Request-Id: 7EF8:9BA4:7AC22B:989D73:652A6650
Accept-Ranges: bytes
Date: Sat, 14 Oct 2023 09:58:41 GMT
Via: 1.1 varnish
X-Served-By: cache-maa10236-MAA
X-Cache: MISS
X-Cache-Hits: 0
X-Timer: S1697277521.727133,VS0,VE597
Vary: Authorization,Accept-Encoding,Origin
Access-Control-Allow-Origin: *
Cross-Origin-Resource-Policy: cross-origin
X-Fastly-Request-ID: 784ac44381f79d1e36d4c3a8ef2e09a2ee185327
Expires: Sat, 14 Oct 2023 10:03:41 GMT
Source-Age: 0

]
[2023-10-14 15:47:09,386: INFO: main: >>>>>> stage Data Ingestion stage started <<<<<<]
[2023-10-14 15:47:09,391: INFO: common: yaml file: config\config.yaml loaded successfully]
[2023-10-14 15:47:09,392: INFO: common: yaml file: params.yaml loaded successfully]
[2023-10-14 15:47:09,393: INFO: common: yaml file: schema.yaml loaded successfully]
[2023-10-14 15:47:09,400: INFO: common: created directory at: artifacts]
[2023-10-14 15:47:09,401: INFO: common: created directory at: artifacts/data_ingestion]
[2023-10-14 15:47:10,350: INFO: data_ingestion: artifacts/data_ingestion/data.zip download! with following info: 
Connection: close
Content-Length: 23329
Cache-Control: max-age=300
Content-Security-Policy: default-src 'none'; style-src 'unsafe-inline'; sandbox
Content-Type: application/zip
ETag: "c69888a4ae59bc5a893392785a938ccd4937981c06ba8a9d6a21aa52b4ab5b6e"
Strict-Transport-Security: max-age=31536000
X-Content-Type-Options: nosniff
X-Frame-Options: deny
X-XSS-Protection: 1; mode=block
X-GitHub-Request-Id: 7EF8:9BA4:7AC22B:989D73:652A6650
Accept-Ranges: bytes
Date: Sat, 14 Oct 2023 10:17:11 GMT
Via: 1.1 varnish
X-Served-By: cache-maa10237-MAA
X-Cache: HIT
X-Cache-Hits: 1
X-Timer: S1697278631.696498,VS0,VE316
Vary: Authorization,Accept-Encoding,Origin
Access-Control-Allow-Origin: *
Cross-Origin-Resource-Policy: cross-origin
X-Fastly-Request-ID: 72ca92d5e1489323b1fc27c9ce30f30b5a7a1df9
Expires: Sat, 14 Oct 2023 10:22:11 GMT
Source-Age: 0

]
[2023-10-14 15:47:10,367: INFO: main: >>>>>> stage Data Ingestion stage completed <<<<<<

x==========x]
